CleanArchitectureStudy/presentation/build/intermediates/manifest_merge_blame_file/debug/manifest-merger-blame-debug-report.txt
1<?xml version="1.0" encoding="utf-8"?>
2<manifest xmlns:android="http://schemas.android.com/apk/res/android"
3    package="com.example.cleanarchitecturestudy" >
4
5    <uses-sdk
6        android:minSdkVersion="23"
6-->src/main/AndroidManifest.xml
7        android:targetSdkVersion="31" />
7-->[androidx.navigation:navigation-fragment-ktx:2.4.1] AndroidManifest.xml:22:9-38
8
9    <uses-permission android:name="android.permission.ACCESS_NETWORK_STATE" />
9-->src/main/AndroidManifest.xml:5:5-79
9-->src/main/AndroidManifest.xml:5:22-76
10    <uses-permission android:name="android.permission.INTERNET" />
10-->src/main/AndroidManifest.xml:6:5-67
10-->src/main/AndroidManifest.xml:6:22-64
11
12    <!-- Permission Check 용도 -->
13    <uses-permission android:name="android.permission.READ_CONTACTS" />
13-->src/main/AndroidManifest.xml:9:5-72
13-->src/main/AndroidManifest.xml:9:22-69
14    <uses-permission android:name="android.permission.READ_EXTERNAL_STORAGE" />
14-->src/main/AndroidManifest.xml:10:5-80
14-->src/main/AndroidManifest.xml:10:22-77
15    <uses-permission android:name="android.permission.ACCESS_COARSE_LOCATION" />
15-->src/main/AndroidManifest.xml:11:5-81
15-->src/main/AndroidManifest.xml:11:22-78
16
17    <application
17-->src/main/AndroidManifest.xml:13:5-32:19
18        android:name="com.example.core.base.BaseApplication"
18-->src/main/AndroidManifest.xml:14:9-61
19        android:allowBackup="true"
19-->src/main/AndroidManifest.xml:15:9-35
20        android:appComponentFactory="androidx.core.app.CoreComponentFactory"
20-->[androidx.core:core:1.7.0] AndroidManifest.xml:24:18-86
21        android:debuggable="true"
22        android:extractNativeLibs="false"
23        android:icon="@mipmap/ic_launcher"
23-->src/main/AndroidManifest.xml:16:9-43
24        android:label="@string/app_name"
24-->src/main/AndroidManifest.xml:17:9-41
25        android:roundIcon="@mipmap/ic_launcher_round"
25-->src/main/AndroidManifest.xml:18:9-54
26        android:supportsRtl="true"
26-->src/main/AndroidManifest.xml:19:9-35
27        android:testOnly="true"
28        android:theme="@style/Theme.CleanArchitectureStudy" >
28-->src/main/AndroidManifest.xml:20:9-60
29
30        <!--
31        android12 (sdkVersion 31) 로 올라오면서,
32        외부 응용 프로그램에서 실행될 수 있는지 여부를 확인하는 exported 명시적 선언이 필요함. 기존에는 이 값이 자동 적용되었던 부분이다.
33        다른 애플리케이션에서 해당 액티비티를 시작할 수 있으면 true, 없으면 false 로 선언한다.
34        앱을 최초 실행하는 Main(LAUNCHER) 의 경우 false 로 설정하게 되면 앱 아이콘 클릭 시 앱이 실행되지 않는다.
35        -->
36        <activity
36-->src/main/AndroidManifest.xml:25:9-31:20
37            android:name="com.example.cleanarchitecturestudy.view.MainActivity"
37-->src/main/AndroidManifest.xml:25:19-52
38            android:exported="true" >
38-->src/main/AndroidManifest.xml:26:13-36
39            <intent-filter>
39-->src/main/AndroidManifest.xml:27:13-30:29
40                <action android:name="android.intent.action.MAIN" />
40-->src/main/AndroidManifest.xml:28:17-69
40-->src/main/AndroidManifest.xml:28:25-66
41
42                <category android:name="android.intent.category.LAUNCHER" />
42-->src/main/AndroidManifest.xml:29:17-77
42-->src/main/AndroidManifest.xml:29:27-74
43            </intent-filter>
44        </activity>
45        <activity
45-->[:moviesearch] AndroidManifest.xml:17:9-20:59
46            android:name="com.example.moviesearch.view.MovieSearchActivity"
46-->[:moviesearch] AndroidManifest.xml:18:13-76
47            android:exported="false"
47-->[:moviesearch] AndroidManifest.xml:19:13-37
48            android:windowSoftInputMode="adjustNothing" />
48-->[:moviesearch] AndroidManifest.xml:20:13-56
49        <activity
49-->[:move] AndroidManifest.xml:17:9-20:59
50            android:name="com.example.move.view.MoveActivity"
50-->[:move] AndroidManifest.xml:18:13-62
51            android:exported="false"
51-->[:move] AndroidManifest.xml:19:13-37
52            android:windowSoftInputMode="adjustNothing" />
52-->[:move] AndroidManifest.xml:20:13-56
53        <activity
53-->[io.github.ParkSangGwon:tedpermission:3.3.0] AndroidManifest.xml:10:9-14:67
54            android:name="com.gun0912.tedpermission.TedPermissionActivity"
54-->[io.github.ParkSangGwon:tedpermission:3.3.0] AndroidManifest.xml:11:13-75
55            android:configChanges="mcc|mnc|locale|keyboard|keyboardHidden|screenLayout|fontScale|uiMode|orientation|screenSize|layoutDirection"
55-->[io.github.ParkSangGwon:tedpermission:3.3.0] AndroidManifest.xml:12:13-144
56            android:screenOrientation="unspecified"
56-->[io.github.ParkSangGwon:tedpermission:3.3.0] AndroidManifest.xml:13:13-52
57            android:theme="@style/Theme.Transparent.Permission" />
57-->[io.github.ParkSangGwon:tedpermission:3.3.0] AndroidManifest.xml:14:13-64
58
59        <provider
59-->[io.github.ParkSangGwon:tedpermission:3.3.0] AndroidManifest.xml:16:9-19:40
60            android:name="com.gun0912.tedpermission.provider.TedPermissionProvider"
60-->[io.github.ParkSangGwon:tedpermission:3.3.0] AndroidManifest.xml:17:13-84
61            android:authorities="com.example.cleanarchitecturestudy.tedpermissionprovider"
61-->[io.github.ParkSangGwon:tedpermission:3.3.0] AndroidManifest.xml:18:13-73
62            android:exported="false" />
62-->[io.github.ParkSangGwon:tedpermission:3.3.0] AndroidManifest.xml:19:13-37
63
64        <uses-library
64-->[androidx.window:window:1.0.0] AndroidManifest.xml:25:9-27:40
65            android:name="androidx.window.extensions"
65-->[androidx.window:window:1.0.0] AndroidManifest.xml:26:13-54
66            android:required="false" />
66-->[androidx.window:window:1.0.0] AndroidManifest.xml:27:13-37
67        <uses-library
67-->[androidx.window:window:1.0.0] AndroidManifest.xml:28:9-30:40
68            android:name="androidx.window.sidecar"
68-->[androidx.window:window:1.0.0] AndroidManifest.xml:29:13-51
69            android:required="false" />
69-->[androidx.window:window:1.0.0] AndroidManifest.xml:30:13-37
70
71        <service
71-->[androidx.room:room-runtime:2.4.1] AndroidManifest.xml:25:9-28:40
72            android:name="androidx.room.MultiInstanceInvalidationService"
72-->[androidx.room:room-runtime:2.4.1] AndroidManifest.xml:26:13-74
73            android:directBootAware="true"
73-->[androidx.room:room-runtime:2.4.1] AndroidManifest.xml:27:13-43
74            android:exported="false" />
74-->[androidx.room:room-runtime:2.4.1] AndroidManifest.xml:28:13-37
75
76        <provider
76-->[androidx.emoji2:emoji2:1.0.0] AndroidManifest.xml:26:9-34:20
77            android:name="androidx.startup.InitializationProvider"
77-->[androidx.emoji2:emoji2:1.0.0] AndroidManifest.xml:27:13-67
78            android:authorities="com.example.cleanarchitecturestudy.androidx-startup"
78-->[androidx.emoji2:emoji2:1.0.0] AndroidManifest.xml:28:13-68
79            android:exported="false" >
79-->[androidx.emoji2:emoji2:1.0.0] AndroidManifest.xml:29:13-37
80            <meta-data
80-->[androidx.emoji2:emoji2:1.0.0] AndroidManifest.xml:31:13-33:52
81                android:name="androidx.emoji2.text.EmojiCompatInitializer"
81-->[androidx.emoji2:emoji2:1.0.0] AndroidManifest.xml:32:17-75
82                android:value="androidx.startup" />
82-->[androidx.emoji2:emoji2:1.0.0] AndroidManifest.xml:33:17-49
83            <meta-data
83-->[androidx.lifecycle:lifecycle-process:2.4.0] AndroidManifest.xml:31:13-33:52
84                android:name="androidx.lifecycle.ProcessLifecycleInitializer"
84-->[androidx.lifecycle:lifecycle-process:2.4.0] AndroidManifest.xml:32:17-78
85                android:value="androidx.startup" />
85-->[androidx.lifecycle:lifecycle-process:2.4.0] AndroidManifest.xml:33:17-49
86        </provider>
87    </application>
88
89</manifest>